[23:40:32] [main/INFO]: Environment: authHost='https://authserver.mojang.com', accountsHost='https://api.mojang.com', sessionHost='https://sessionserver.mojang.com', servicesHost='https://api.minecraftservices.com', name='PROD'
[23:40:32] [main/WARN]: Ambiguity between arguments [teleport, destination] and [teleport, targets] with inputs: [Player, 0123, @e, dd12be42-52a9-4a91-a8a1-11c01849e498]
[23:40:32] [main/WARN]: Ambiguity between arguments [teleport, location] and [teleport, destination] with inputs: [0.1 -0.5 .9, 0 0 0]
[23:40:32] [main/WARN]: Ambiguity between arguments [teleport, location] and [teleport, targets] with inputs: [0.1 -0.5 .9, 0 0 0]
[23:40:32] [main/WARN]: Ambiguity between arguments [teleport, targets] and [teleport, destination] with inputs: [Player, 0123, dd12be42-52a9-4a91-a8a1-11c01849e498]
[23:40:32] [main/WARN]: Ambiguity between arguments [teleport, targets, location] and [teleport, targets, destination] with inputs: [0.1 -0.5 .9, 0 0 0]
[23:40:32] [main/INFO]: Reloading ResourceManager: Default
[23:40:33] [Worker-Main-10/INFO]: Loaded 7 recipes
[23:40:33] [Worker-Main-10/INFO]: Loaded 927 advancements
[23:40:34] [Server thread/INFO]: Starting minecraft server version 1.16.5
[23:40:34] [Server thread/INFO]: Loading properties
[23:40:34] [Server thread/INFO]: Default game type: SURVIVAL
[23:40:34] [Server thread/INFO]: Generating keypair
[23:40:34] [Server console handler/ERROR]: Exception handling console input
java.io.IOException: The handle is invalid
	at java.io.FileInputStream.readBytes(Native Method) ~[?:1.8.0_51]
	at java.io.FileInputStream.read(Unknown Source) ~[?:1.8.0_51]
	at java.io.BufferedInputStream.read1(Unknown Source) ~[?:1.8.0_51]
	at java.io.BufferedInputStream.read(Unknown Source) ~[?:1.8.0_51]
	at sun.nio.cs.StreamDecoder.readBytes(Unknown Source) ~[?:1.8.0_51]
	at sun.nio.cs.StreamDecoder.implRead(Unknown Source) ~[?:1.8.0_51]
	at sun.nio.cs.StreamDecoder.read(Unknown Source) ~[?:1.8.0_51]
	at java.io.InputStreamReader.read(Unknown Source) ~[?:1.8.0_51]
	at java.io.BufferedReader.fill(Unknown Source) ~[?:1.8.0_51]
	at java.io.BufferedReader.readLine(Unknown Source) ~[?:1.8.0_51]
	at java.io.BufferedReader.readLine(Unknown Source) ~[?:1.8.0_51]
	at zg$1.run(SourceFile:95) [minecraft_server.1.16.5.jar:?]
[23:40:34] [Server thread/INFO]: Starting Minecraft server on *:25565
[23:40:34] [Server thread/INFO]: Using default channel type
[23:40:35] [Server thread/WARN]: **** FAILED TO BIND TO PORT!
[23:40:35] [Server thread/WARN]: The exception was: java.net.BindException: Address already in use: bind
[23:40:35] [Server thread/WARN]: Perhaps a server is already running on that port?
[23:40:35] [Server thread/INFO]: Stopping server
[23:40:35] [Server thread/INFO]: Saving worlds
[23:40:35] [Server thread/ERROR]: Exception stopping the server
java.lang.NullPointerException: null
	at net.minecraft.server.MinecraftServer.a(SourceFile:572) ~[minecraft_server.1.16.5.jar:?]
	at net.minecraft.server.MinecraftServer.t(SourceFile:599) ~[minecraft_server.1.16.5.jar:?]
	at zg.t(SourceFile:567) ~[minecraft_server.1.16.5.jar:?]
	at net.minecraft.server.MinecraftServer.w(SourceFile:707) [minecraft_server.1.16.5.jar:?]
	at net.minecraft.server.MinecraftServer.a(SourceFile:257) [minecraft_server.1.16.5.jar:?]
	at net.minecraft.server.MinecraftServer$$Lambda$3248/1486105126.run(Unknown Source) [minecraft_server.1.16.5.jar:?]
	at java.lang.Thread.run(Unknown Source) [?:1.8.0_51]
